<?xml version="1.0" encoding="UTF-8"?>
<!-- Generated by org.testng.reporters.JUnitReportReporter -->
<testsuite skipped="0" hostname="Erins-iMac.local" name="NewTest" tests="1" failures="0" timestamp="26 Jan 2018 15:09:57 GMT" time="6.419" errors="0">
  <testcase name="TestBadEmailAddress" time="6.419" classname="NewTest"/>
</testsuite> <!-- NewTest -->
