<?xml version="1.0" encoding="UTF-8"?>
<!-- Generated by org.testng.reporters.JUnitReportReporter -->
<testsuite skipped="0" hostname="Erins-iMac.local" name="BasicProjectCreation.CreatePhotoApp" tests="1" failures="0" timestamp="20 Jun 2018 20:39:16 GMT" time="14.268" errors="0">
  <testcase name="testPhotosApp" time="14.268" classname="BasicProjectCreation.CreatePhotoApp"/>
</testsuite> <!-- BasicProjectCreation.CreatePhotoApp -->
