<?xml version="1.0" encoding="UTF-8"?>
<!-- Generated by org.testng.reporters.JUnitReportReporter -->
<testsuite skipped="0" hostname="Erins-iMac.local" name="TestLoginPageErrorMessages" tests="5" failures="0" timestamp="26 Jan 2018 21:20:47 GMT" time="60.067" errors="0">
  <testcase name="testPasswordDoesNotMeetRequirementsErrorMessage" time="18.320" classname="TestLoginPageErrorMessages"/>
  <testcase name="testEmailDoesNotExistErrorMessage" time="3.413" classname="TestLoginPageErrorMessages"/>
  <testcase name="testInvalidEmailAddressErrorMessage" time="32.801" classname="TestLoginPageErrorMessages"/>
  <testcase name="testEmailFieldBlankErrorMessage" time="2.763" classname="TestLoginPageErrorMessages"/>
  <testcase name="testPasswordFieldBlankErrorMessage" time="2.770" classname="TestLoginPageErrorMessages"/>
</testsuite> <!-- TestLoginPageErrorMessages -->
