<?xml version="1.0" encoding="UTF-8"?>
<!-- Generated by org.testng.reporters.JUnitReportReporter -->
<testsuite skipped="0" hostname="Erins-iMac.local" name="BasicProjectCreation.CreatePhotoApp" tests="1" failures="0" timestamp="22 Jun 2018 19:02:29 GMT" time="35.364" errors="0">
  <testcase name="testPhotosApp" time="35.364" classname="BasicProjectCreation.CreatePhotoApp"/>
</testsuite> <!-- BasicProjectCreation.CreatePhotoApp -->
