<?xml version="1.0" encoding="UTF-8"?>
<!-- Generated by org.testng.reporters.JUnitReportReporter -->
<testsuite skipped="0" hostname="Erins-MacBook-Air.local" name="TestLoginPageErrorMessages" tests="5" failures="0" timestamp="25 May 2018 19:11:23 GMT" time="66.686" errors="0">
  <testcase name="testPasswordFieldBlankErrorMessage" time="3.525" classname="TestLoginPageErrorMessages"/>
  <testcase name="testEmailFieldBlankErrorMessage" time="3.349" classname="TestLoginPageErrorMessages"/>
  <testcase name="testInvalidEmailAddressErrorMessage" time="35.768" classname="TestLoginPageErrorMessages"/>
  <testcase name="testEmailDoesNotExistErrorMessage" time="4.387" classname="TestLoginPageErrorMessages"/>
  <testcase name="testPasswordDoesNotMeetRequirementsErrorMessage" time="19.657" classname="TestLoginPageErrorMessages"/>
</testsuite> <!-- TestLoginPageErrorMessages -->
